<?xml version="1.0" encoding="UTF-8"?>
<testsuite name="com.soj.polymorphism.compiletime.ShapesTest" tests="3" skipped="0" failures="0" errors="0" timestamp="2022-02-20T23:29:57" hostname="DESKTOP-H3C67DB" time="0.664">
  <properties/>
  <testcase name="testForAreaOfTriangle()" classname="com.soj.polymorphism.compiletime.ShapesTest" time="0.662"/>
  <testcase name="testForAreaOfCircle()" classname="com.soj.polymorphism.compiletime.ShapesTest" time="0.0"/>
  <testcase name="testForAreaOfSquare()" classname="com.soj.polymorphism.compiletime.ShapesTest" time="0.0"/>
  <system-out><![CDATA[]]></system-out>
  <system-err><![CDATA[]]></system-err>
</testsuite>
