<?xml version="1.0" encoding="UTF-8"?>
<testsuite name="com.soj.polymorphism.compiletime.ShapesTest" tests="3" skipped="0" failures="0" errors="0" timestamp="2022-02-20T23:53:54" hostname="DESKTOP-H3C67DB" time="0.709">
  <properties/>
  <testcase name="testForAreaOfTriangle()" classname="com.soj.polymorphism.compiletime.ShapesTest" time="0.707"/>
  <testcase name="testForAreaOfCircle()" classname="com.soj.polymorphism.compiletime.ShapesTest" time="0.0"/>
  <testcase name="testForAreaOfSquare()" classname="com.soj.polymorphism.compiletime.ShapesTest" time="0.001"/>
  <system-out><![CDATA[]]></system-out>
  <system-err><![CDATA[]]></system-err>
</testsuite>
