<?xml version="1.0" encoding="UTF-8"?>
<testsuite name="com.soj.polymorphism.runtime.EmployeeTest" tests="4" skipped="0" failures="0" errors="0" timestamp="2022-02-20T23:29:58" hostname="DESKTOP-H3C67DB" time="0.003">
  <properties/>
  <testcase name="testToString()" classname="com.soj.polymorphism.runtime.EmployeeTest" time="0.001"/>
  <testcase name="testToGetNameOfEmployee()" classname="com.soj.polymorphism.runtime.EmployeeTest" time="0.0"/>
  <testcase name="testForMailCheckOfEmployee()" classname="com.soj.polymorphism.runtime.EmployeeTest" time="0.001"/>
  <testcase name="testToGetAddressOfEmployee()" classname="com.soj.polymorphism.runtime.EmployeeTest" time="0.0"/>
  <system-out><![CDATA[]]></system-out>
  <system-err><![CDATA[]]></system-err>
</testsuite>
