<?xml version="1.0" encoding="UTF-8"?>
<testsuite name="com.soj.polymorphism.runtime.EmployeeTest" tests="6" skipped="0" failures="0" errors="0" timestamp="2022-02-20T23:53:55" hostname="DESKTOP-H3C67DB" time="0.004">
  <properties/>
  <testcase name="testToMailCheck()" classname="com.soj.polymorphism.runtime.EmployeeTest" time="0.001"/>
  <testcase name="testToString()" classname="com.soj.polymorphism.runtime.EmployeeTest" time="0.001"/>
  <testcase name="testToSetAddressForEmployee()" classname="com.soj.polymorphism.runtime.EmployeeTest" time="0.0"/>
  <testcase name="testToGetNameForEmployee()" classname="com.soj.polymorphism.runtime.EmployeeTest" time="0.0"/>
  <testcase name="testToSetNameForEmployee()" classname="com.soj.polymorphism.runtime.EmployeeTest" time="0.001"/>
  <testcase name="testToGetAddressForEmployee()" classname="com.soj.polymorphism.runtime.EmployeeTest" time="0.0"/>
  <system-out><![CDATA[]]></system-out>
  <system-err><![CDATA[]]></system-err>
</testsuite>
